<?xml version="1.0" encoding="UTF-8"?>
<!-- Generated by org.testng.reporters.JUnitReportReporter -->
<testsuite hostname="DESKTOP-FJCAGPJ" failures="0" tests="1" name="projectTest.PIM_Page_Test_By_Bill" time="3.222" errors="0" timestamp="2022-12-01T14:12:38 EST" skipped="0">
  <testcase classname="projectTest.PIM_Page_Test_By_Bill" name="addNewEmployee" time="3.222"/>
  <system-out>
    <![CDATA[Method name is addNewEmployee
Status of execution is 1]]>
  </system-out>
</testsuite> <!-- projectTest.PIM_Page_Test_By_Bill -->
